2026-06-22T08:01:12Z INFO  taskflow startup version=week2 service=api port=8080
2026-06-22T08:01:13Z INFO  gunicorn listening workers=2 bind=0.0.0.0:8080
2026-06-22T08:02:44Z INFO  GET /health status=200 duration_ms=3 user=probe
2026-06-22T08:03:01Z INFO  GET /api/tasks status=200 duration_ms=5 user=dev@taskflow.local
2026-06-22T08:05:17Z WARN  slow_query duration_ms=842 endpoint=/api/tasks
2026-06-22T08:06:02Z ERROR db_connection timeout host=postgres retry=1
2026-06-22T08:06:03Z INFO  db_connection restored host=postgres
2026-06-22T08:10:22Z INFO  GET /health status=200 duration_ms=2 user=probe
2026-06-22T08:15:00Z ERROR OOM risk memory_percent=91 process=gunicorn
2026-06-22T08:15:45Z WARN  disk_usage path=/var/log/taskflow percent=88
2026-06-22T08:20:11Z INFO  POST /api/tasks status=201 duration_ms=12 user=platform-team
2026-06-22T08:22:33Z ERROR auth_failure ip=203.0.113.44 endpoint=/api/tasks
2026-06-22T08:25:00Z INFO  systemd taskflow.service active running
2026-06-22T08:30:18Z WARN  slow_query duration_ms=1204 endpoint=/api/tasks
2026-06-22T08:35:02Z INFO  GET /api/tasks status=200 duration_ms=4 user=dev@taskflow.local
2026-06-22T08:40:00Z ERROR redis_timeout host=redis port=6379
2026-06-22T08:40:01Z INFO  redis_cache miss key=tasks:all
2026-06-22T08:45:22Z INFO  GET /health status=200 duration_ms=2 user=probe
2026-06-22T08:50:00Z WARN  certificate_expiry days_left=14 domain=api.taskflow.local
2026-06-22T08:55:10Z INFO  logrotate completed path=/var/log/taskflow/taskflow.log
2026-06-22T09:00:00Z ERROR deploy_failed reason=health_check replica=taskflow-replica-2
2026-06-22T09:00:45Z INFO  deploy_rollback version=week2 previous=week2-hotfix
2026-06-22T09:05:33Z INFO  GET /health status=200 duration_ms=3 user=probe